[03:02:38.685] Global cache location '/home/gorgeous/.cache/typescript/4.3', safe file path '/home/gorgeous/.emacs.d/.cache/lsp/npm/typescript/lib/node_modules/typescript/lib/typingSafeList.json', types map path /home/gorgeous/.emacs.d/.cache/lsp/npm/typescript/lib/node_modules/typescript/lib/typesMap.json
[03:02:38.686] Processing cache location '/home/gorgeous/.cache/typescript/4.3'
[03:02:38.686] Trying to find '/home/gorgeous/.cache/typescript/4.3/package.json'...
[03:02:38.688] Loaded content of '/home/gorgeous/.cache/typescript/4.3/package.json': {"private":true,"dependencies":{"types-registry":"^0.1.584"},"devDependencies":{"@types/abbrev":"^1.1.2","@types/accepts":"^1.3.5","@types/argparse":"^2.0.10","@types/asap":"^2.0.0","@types/balanced-match":"^1.0.2","@types/basic-auth":"^1.1.3","@types/bcryptjs":"^2.4.2","@types/bluebird":"^3.5.36","@types/body-parser":"^1.19.2","@types/brace-expansion":"^1.1.0","@types/braces":"^3.0.1","@types/bytes":"^3.1.1","@types/cacheable-request":"^6.0.2","@types/call-bind":"^1.0.0","@types/chai":"^4.3.0","@types/check-error":"^1.0.0","@types/cli-color":"^2.0.2","@types/color-convert":"^2.0.0","@types/color-name":"^1.1.1","@types/combined-stream":"^1.0.3","@types/component-emitter":"^1.2.11","@types/concat-map":"^0.0.1","@types/configstore":"^5.0.1","@types/content-disposition":"^0.5.4","@types/content-type":"^1.1.5","@types/cookie":"^0.4.1","@types/cookie-parser":"^1.4.2","@types/cookie-signature":"^1.0.4","@types/cookiejar":"^2.1.2","@types/cors":"^2.8.12","@types/cross-spawn":"^6.0.2","@types/csurf":"^1.11.2","@types/d":"^1.0.1","@types/debug":"^4.1.7","@types/deep-extend":"^0.4.32","@types/depd":"^1.1.32","@types/destroy":"^1.0.0","@types/diff":"^5.0.2","@types/dottie":"^2.0.4","@types/duplexer3":"^0.1.1","@types/ee-first":"^1.1.0","@types/encodeurl":"^1.0.0","@types/end-of-stream":"^1.4.1","@types/es6-weak-map":"^1.2.0","@types/escape-html":"^1.0.1","@types/etag":"^1.8.1","@types/event-emitter":"^0.3.3","@types/express":"^4.17.13","@types/fill-range":"^7.0.0","@types/finalhandler":"^1.1.1","@types/flat":"^5.0.2","@types/formidable":"^2.0.4","@types/forwarded":"^0.1.0","@types/fresh":"^0.5.0","@types/fs-extra":"^9.0.13","@types/function-bind":"^1.1.6","@types/get-func-name":"^2.0.0","@types/get-intrinsic":"^1.0.0","@types/glob":"^7.2.0","@types/glob-parent":"^5.1.1","@types/got":"^9.6.12","@types/graceful-fs":"^4.1.5","@types/has":"^1.0.0","@types/has-symbols":"^1.0.0","@types/he":"^1.1.2","@types/http-cache-semantics":"^4.0.1","@types/http-errors":"^1.8.2","@types/imurmurhash":"^0.1.1","@types/inflection":"^1.13.0","@types/inherits":"^0.0.30","@types/ini":"^1.3.31","@types/is-ci":"^3.0.0","@types/is-core-module":"^2.2.0","@types/is-glob":"^4.0.2","@types/is-number":"^7.0.2","@types/is-typedarray":"^1.0.0","@types/isexe":"^2.0.1","@types/js-beautify":"^1.13.3","@types/js-cookie":"^3.0.1","@types/js-yaml":"^4.0.5","@types/json-buffer":"^3.0.0","@types/jsonfile":"^6.1.0","@types/jsonwebtoken":"^8.5.8","@types/jwa":"^2.0.0","@types/jws":"^3.2.4","@types/keyv":"^3.1.3","@types/lodash":"^4.14.180","@types/lodash.includes":"^4.3.6","@types/lodash.isboolean":"^3.0.6","@types/lodash.isinteger":"^4.0.6","@types/lodash.isnumber":"^3.0.6","@types/lodash.isplainobject":"^4.0.6","@types/lodash.isstring":"^4.0.6","@types/lodash.once":"^4.1.6","@types/lru-cache":"^7.4.0","@types/media-typer":"^1.1.1","@types/memoizee":"^0.4.7","@types/merge-descriptors":"^1.0.1","@types/methods":"^1.1.1","@types/mime":"^2.0.3","@types/mime-db":"^1.43.1","@types/mime-types":"^2.1.1","@types/minimatch":"^3.0.5","@types/minimist":"^1.2.2","@types/mkdirp":"^1.0.2","@types/mocha":"^9.1.0","@types/morgan":"^1.9.3","@types/ms":"^0.7.31","@types/negotiator":"^0.6.1","@types/next-tick":"^1.0.0","@types/nodemon":"^1.19.1","@types/nopt":"^3.0.29","@types/normalize-path":"^3.0.0","@types/object-assign":"^4.0.30","@types/object-inspect":"^1.8.1","@types/on-finished":"^2.3.1","@types/on-headers":"^1.0.0","@types/once":"^1.4.0","@types/parseurl":"^1.3.1","@types/path-is-absolute":"^1.0.0","@types/path-parse":"^1.0.19","@types/pathval":"^1.1.0","@types/pg":"^8.6.5","@types/pg-pool":"^2.0.3","@types/picomatch":"^2.3.0","@types/proxy-addr":"^2.0.0","@types/pump":"^1.1.1","@types/qs":"^6.9.7","@types/random-bytes":"^1.0.1","@types/randombytes":"^2.0.0","@types/range-parser":"^1.2.4","@types/rc":"^1.2.1","@types/react":"^17.0.40","@types/react-color":"^3.0.6","@types/react-dom":"^17.0.13","@types/react-redux":"^7.1.23","@types/react-router-dom":"^5.3.3","@types/reactcss":"^1.2.6","@types/readable-stream":"^2.3.13","@types/registry-auth-token":"^4.2.1","@types/require-directory":"^2.1.2","@types/resolve":"^1.20.1","@types/responselike":"^1.0.0","@types/retry-as-promised":"^2.3.3","@types/safer-buffer":"^2.1.0","@types/semver":"^7.3.9","@types/send":"^0.17.1","@types/serialize-javascript":"^5.0.2","@types/serve-static":"^1.13.10","@types/shebang-command":"^1.2.0","@types/sigmund":"^1.0.0","@types/signal-exit":"^3.0.1","@types/split2":"^3.2.1","@types/statuses":"^2.0.0","@types/superagent":"^4.1.15","@types/supertest":"^2.0.11","@types/supports-color":"^8.1.1","@types/to-regex-range":"^5.0.0","@types/touch":"^3.1.2","@types/tsscmp":"^1.0.0","@types/type-detect":"^4.0.1","@types/type-is":"^1.6.3","@types/uid-safe":"^2.1.2","@types/umzug":"^2.3.3","@types/universalify":"^1.0.0","@types/update-notifier":"^5.1.0","@types/url-parse-lax":"^5.0.0","@types/util-deprecate":"^1.0.0","@types/utils-merge":"^0.0.28","@types/uuid":"^8.3.4","@types/validator":"^13.7.1","@types/vary":"^1.1.0","@types/which":"^2.0.1","@types/workerpool":"^6.1.0","@types/wrap-ansi":"^8.0.1","@types/write-file-atomic":"^4.0.0","@types/xtend":"^4.0.4","@types/yallist":"^4.0.1","@types/yargs":"^17.0.9","@types/yargs-parser":"^21.0.0","@types/yargs-unparser":"^2.0.1"}}
[03:02:38.688] Loaded content of '/home/gorgeous/.cache/typescript/4.3/package-lock.json'
[03:02:38.698] Adding entry into typings cache: 'abbrev' => '/home/gorgeous/.cache/typescript/4.3/node_modules/@types/abbrev/index.d.ts'
[03:02:38.700] Adding entry into typings cache: 'accepts' => '/home/gorgeous/.cache/typescript/4.3/node_modules/@types/accepts/index.d.ts'
[03:02:38.703] Adding entry into typings cache: 'argparse' => '/home/gorgeous/.cache/typescript/4.3/node_modules/@types/argparse/index.d.ts'
[03:02:38.705] Adding entry into typings cache: 'asap' => '/home/gorgeous/.cache/typescript/4.3/node_modules/@types/asap/index.d.ts'
[03:02:38.707] Adding entry into typings cache: 'balanced-match' => '/home/gorgeous/.cache/typescript/4.3/node_modules/@types/balanced-match/index.d.ts'
[03:02:38.709] Adding entry into typings cache: 'basic-auth' => '/home/gorgeous/.cache/typescript/4.3/node_modules/@types/basic-auth/index.d.ts'
[03:02:38.711] Adding entry into typings cache: 'bcryptjs' => '/home/gorgeous/.cache/typescript/4.3/node_modules/@types/bcryptjs/index.d.ts'
[03:02:38.714] Adding entry into typings cache: 'bluebird' => '/home/gorgeous/.cache/typescript/4.3/node_modules/@types/bluebird/index.d.ts'
[03:02:38.717] Adding entry into typings cache: 'body-parser' => '/home/gorgeous/.cache/typescript/4.3/node_modules/@types/body-parser/index.d.ts'
[03:02:38.719] Adding entry into typings cache: 'brace-expansion' => '/home/gorgeous/.cache/typescript/4.3/node_modules/@types/brace-expansion/index.d.ts'
[03:02:38.722] Adding entry into typings cache: 'braces' => '/home/gorgeous/.cache/typescript/4.3/node_modules/@types/braces/index.d.ts'
[03:02:38.724] Adding entry into typings cache: 'bytes' => '/home/gorgeous/.cache/typescript/4.3/node_modules/@types/bytes/index.d.ts'
[03:02:38.726] Adding entry into typings cache: 'cacheable-request' => '/home/gorgeous/.cache/typescript/4.3/node_modules/@types/cacheable-request/index.d.ts'
[03:02:38.729] Adding entry into typings cache: 'call-bind' => '/home/gorgeous/.cache/typescript/4.3/node_modules/@types/call-bind/index.d.ts'
[03:02:38.733] Adding entry into typings cache: 'chai' => '/home/gorgeous/.cache/typescript/4.3/node_modules/@types/chai/index.d.ts'
[03:02:38.735] Adding entry into typings cache: 'check-error' => '/home/gorgeous/.cache/typescript/4.3/node_modules/@types/check-error/index.d.ts'
[03:02:38.737] Adding entry into typings cache: 'cli-color' => '/home/gorgeous/.cache/typescript/4.3/node_modules/@types/cli-color/index.d.ts'
[03:02:38.740] Adding entry into typings cache: 'color-convert' => '/home/gorgeous/.cache/typescript/4.3/node_modules/@types/color-convert/index.d.ts'
[03:02:38.744] Adding entry into typings cache: 'color-name' => '/home/gorgeous/.cache/typescript/4.3/node_modules/@types/color-name/index.d.ts'
[03:02:38.748] Adding entry into typings cache: 'combined-stream' => '/home/gorgeous/.cache/typescript/4.3/node_modules/@types/combined-stream/index.d.ts'
[03:02:38.749] Adding entry into typings cache: 'component-emitter' => '/home/gorgeous/.cache/typescript/4.3/node_modules/@types/component-emitter/index.d.ts'
[03:02:38.751] Adding entry into typings cache: 'concat-map' => '/home/gorgeous/.cache/typescript/4.3/node_modules/@types/concat-map/index.d.ts'
[03:02:38.752] Adding entry into typings cache: 'configstore' => '/home/gorgeous/.cache/typescript/4.3/node_modules/@types/configstore/index.d.ts'
[03:02:38.754] Adding entry into typings cache: 'content-disposition' => '/home/gorgeous/.cache/typescript/4.3/node_modules/@types/content-disposition/index.d.ts'
[03:02:38.755] Adding entry into typings cache: 'content-type' => '/home/gorgeous/.cache/typescript/4.3/node_modules/@types/content-type/index.d.ts'
[03:02:38.757] Adding entry into typings cache: 'cookie' => '/home/gorgeous/.cache/typescript/4.3/node_modules/@types/cookie/index.d.ts'
[03:02:38.759] Adding entry into typings cache: 'cookie-parser' => '/home/gorgeous/.cache/typescript/4.3/node_modules/@types/cookie-parser/index.d.ts'
[03:02:38.760] Adding entry into typings cache: 'cookie-signature' => '/home/gorgeous/.cache/typescript/4.3/node_modules/@types/cookie-signature/index.d.ts'
[03:02:38.762] Adding entry into typings cache: 'cookiejar' => '/home/gorgeous/.cache/typescript/4.3/node_modules/@types/cookiejar/index.d.ts'
[03:02:38.763] Adding entry into typings cache: 'cors' => '/home/gorgeous/.cache/typescript/4.3/node_modules/@types/cors/index.d.ts'
[03:02:38.765] Adding entry into typings cache: 'cross-spawn' => '/home/gorgeous/.cache/typescript/4.3/node_modules/@types/cross-spawn/index.d.ts'
[03:02:38.767] Adding entry into typings cache: 'csurf' => '/home/gorgeous/.cache/typescript/4.3/node_modules/@types/csurf/index.d.ts'
[03:02:38.770] Adding entry into typings cache: 'd' => '/home/gorgeous/.cache/typescript/4.3/node_modules/@types/d/index.d.ts'
[03:02:38.773] Adding entry into typings cache: 'debug' => '/home/gorgeous/.cache/typescript/4.3/node_modules/@types/debug/index.d.ts'
[03:02:38.775] Adding entry into typings cache: 'deep-extend' => '/home/gorgeous/.cache/typescript/4.3/node_modules/@types/deep-extend/index.d.ts'
[03:02:38.776] Adding entry into typings cache: 'depd' => '/home/gorgeous/.cache/typescript/4.3/node_modules/@types/depd/index.d.ts'
[03:02:38.778] Adding entry into typings cache: 'destroy' => '/home/gorgeous/.cache/typescript/4.3/node_modules/@types/destroy/index.d.ts'
[03:02:38.779] Adding entry into typings cache: 'diff' => '/home/gorgeous/.cache/typescript/4.3/node_modules/@types/diff/index.d.ts'
[03:02:38.780] Adding entry into typings cache: 'dottie' => '/home/gorgeous/.cache/typescript/4.3/node_modules/@types/dottie/index.d.ts'
[03:02:38.782] Adding entry into typings cache: 'duplexer3' => '/home/gorgeous/.cache/typescript/4.3/node_modules/@types/duplexer3/index.d.ts'
[03:02:38.783] Adding entry into typings cache: 'ee-first' => '/home/gorgeous/.cache/typescript/4.3/node_modules/@types/ee-first/index.d.ts'
[03:02:38.784] Adding entry into typings cache: 'encodeurl' => '/home/gorgeous/.cache/typescript/4.3/node_modules/@types/encodeurl/index.d.ts'
[03:02:38.785] Adding entry into typings cache: 'end-of-stream' => '/home/gorgeous/.cache/typescript/4.3/node_modules/@types/end-of-stream/index.d.ts'
[03:02:38.786] Adding entry into typings cache: 'es6-weak-map' => '/home/gorgeous/.cache/typescript/4.3/node_modules/@types/es6-weak-map/index.d.ts'
[03:02:38.787] Adding entry into typings cache: 'escape-html' => '/home/gorgeous/.cache/typescript/4.3/node_modules/@types/escape-html/index.d.ts'
[03:02:38.788] Adding entry into typings cache: 'etag' => '/home/gorgeous/.cache/typescript/4.3/node_modules/@types/etag/index.d.ts'
[03:02:38.789] Adding entry into typings cache: 'event-emitter' => '/home/gorgeous/.cache/typescript/4.3/node_modules/@types/event-emitter/index.d.ts'
[03:02:38.791] Adding entry into typings cache: 'express' => '/home/gorgeous/.cache/typescript/4.3/node_modules/@types/express/index.d.ts'
[03:02:38.792] Adding entry into typings cache: 'fill-range' => '/home/gorgeous/.cache/typescript/4.3/node_modules/@types/fill-range/index.d.ts'
[03:02:38.794] Adding entry into typings cache: 'finalhandler' => '/home/gorgeous/.cache/typescript/4.3/node_modules/@types/finalhandler/index.d.ts'
[03:02:38.795] Adding entry into typings cache: 'flat' => '/home/gorgeous/.cache/typescript/4.3/node_modules/@types/flat/index.d.ts'
[03:02:38.796] Adding entry into typings cache: 'formidable' => '/home/gorgeous/.cache/typescript/4.3/node_modules/@types/formidable/index.d.ts'
[03:02:38.798] Adding entry into typings cache: 'forwarded' => '/home/gorgeous/.cache/typescript/4.3/node_modules/@types/forwarded/index.d.ts'
[03:02:38.799] Adding entry into typings cache: 'fresh' => '/home/gorgeous/.cache/typescript/4.3/node_modules/@types/fresh/index.d.ts'
[03:02:38.801] Adding entry into typings cache: 'fs-extra' => '/home/gorgeous/.cache/typescript/4.3/node_modules/@types/fs-extra/index.d.ts'
[03:02:38.803] Adding entry into typings cache: 'function-bind' => '/home/gorgeous/.cache/typescript/4.3/node_modules/@types/function-bind/index.d.ts'
[03:02:38.804] Adding entry into typings cache: 'get-func-name' => '/home/gorgeous/.cache/typescript/4.3/node_modules/@types/get-func-name/index.d.ts'
[03:02:38.805] Adding entry into typings cache: 'get-intrinsic' => '/home/gorgeous/.cache/typescript/4.3/node_modules/@types/get-intrinsic/index.d.ts'
[03:02:38.807] Adding entry into typings cache: 'glob' => '/home/gorgeous/.cache/typescript/4.3/node_modules/@types/glob/index.d.ts'
[03:02:38.808] Adding entry into typings cache: 'glob-parent' => '/home/gorgeous/.cache/typescript/4.3/node_modules/@types/glob-parent/index.d.ts'
[03:02:38.810] Adding entry into typings cache: 'got' => '/home/gorgeous/.cache/typescript/4.3/node_modules/@types/got/index.d.ts'
[03:02:38.812] Adding entry into typings cache: 'graceful-fs' => '/home/gorgeous/.cache/typescript/4.3/node_modules/@types/graceful-fs/index.d.ts'
[03:02:38.813] Adding entry into typings cache: 'has' => '/home/gorgeous/.cache/typescript/4.3/node_modules/@types/has/index.d.ts'
[03:02:38.814] Adding entry into typings cache: 'has-symbols' => '/home/gorgeous/.cache/typescript/4.3/node_modules/@types/has-symbols/index.d.ts'
[03:02:38.816] Adding entry into typings cache: 'he' => '/home/gorgeous/.cache/typescript/4.3/node_modules/@types/he/index.d.ts'
[03:02:38.818] Adding entry into typings cache: 'http-cache-semantics' => '/home/gorgeous/.cache/typescript/4.3/node_modules/@types/http-cache-semantics/index.d.ts'
[03:02:38.819] Adding entry into typings cache: 'http-errors' => '/home/gorgeous/.cache/typescript/4.3/node_modules/@types/http-errors/index.d.ts'
[03:02:38.820] Adding entry into typings cache: 'imurmurhash' => '/home/gorgeous/.cache/typescript/4.3/node_modules/@types/imurmurhash/index.d.ts'
[03:02:38.821] Adding entry into typings cache: 'inflection' => '/home/gorgeous/.cache/typescript/4.3/node_modules/@types/inflection/index.d.ts'
[03:02:38.822] Adding entry into typings cache: 'inherits' => '/home/gorgeous/.cache/typescript/4.3/node_modules/@types/inherits/index.d.ts'
[03:02:38.825] Adding entry into typings cache: 'ini' => '/home/gorgeous/.cache/typescript/4.3/node_modules/@types/ini/index.d.ts'
[03:02:38.826] Adding entry into typings cache: 'is-ci' => '/home/gorgeous/.cache/typescript/4.3/node_modules/@types/is-ci/index.d.ts'
[03:02:38.827] Adding entry into typings cache: 'is-core-module' => '/home/gorgeous/.cache/typescript/4.3/node_modules/@types/is-core-module/index.d.ts'
[03:02:38.829] Adding entry into typings cache: 'is-glob' => '/home/gorgeous/.cache/typescript/4.3/node_modules/@types/is-glob/index.d.ts'
[03:02:38.830] Adding entry into typings cache: 'is-number' => '/home/gorgeous/.cache/typescript/4.3/node_modules/@types/is-number/index.d.ts'
[03:02:38.831] Adding entry into typings cache: 'is-typedarray' => '/home/gorgeous/.cache/typescript/4.3/node_modules/@types/is-typedarray/index.d.ts'
[03:02:38.832] Adding entry into typings cache: 'isexe' => '/home/gorgeous/.cache/typescript/4.3/node_modules/@types/isexe/index.d.ts'
[03:02:38.834] Adding entry into typings cache: 'js-beautify' => '/home/gorgeous/.cache/typescript/4.3/node_modules/@types/js-beautify/index.d.ts'
[03:02:38.841] Adding entry into typings cache: 'js-cookie' => '/home/gorgeous/.cache/typescript/4.3/node_modules/@types/js-cookie/index.d.ts'
[03:02:38.843] Adding entry into typings cache: 'js-yaml' => '/home/gorgeous/.cache/typescript/4.3/node_modules/@types/js-yaml/index.d.ts'
[03:02:38.844] Adding entry into typings cache: 'json-buffer' => '/home/gorgeous/.cache/typescript/4.3/node_modules/@types/json-buffer/index.d.ts'
[03:02:38.846] Adding entry into typings cache: 'jsonfile' => '/home/gorgeous/.cache/typescript/4.3/node_modules/@types/jsonfile/index.d.ts'
[03:02:38.851] Adding entry into typings cache: 'jsonwebtoken' => '/home/gorgeous/.cache/typescript/4.3/node_modules/@types/jsonwebtoken/index.d.ts'
[03:02:38.852] Adding entry into typings cache: 'jwa' => '/home/gorgeous/.cache/typescript/4.3/node_modules/@types/jwa/index.d.ts'
[03:02:38.854] Adding entry into typings cache: 'jws' => '/home/gorgeous/.cache/typescript/4.3/node_modules/@types/jws/index.d.ts'
[03:02:38.855] Adding entry into typings cache: 'keyv' => '/home/gorgeous/.cache/typescript/4.3/node_modules/@types/keyv/index.d.ts'
[03:02:38.857] Adding entry into typings cache: 'lodash' => '/home/gorgeous/.cache/typescript/4.3/node_modules/@types/lodash/index.d.ts'
[03:02:38.858] Adding entry into typings cache: 'lodash.includes' => '/home/gorgeous/.cache/typescript/4.3/node_modules/@types/lodash.includes/index.d.ts'
[03:02:38.859] Adding entry into typings cache: 'lodash.isboolean' => '/home/gorgeous/.cache/typescript/4.3/node_modules/@types/lodash.isboolean/index.d.ts'
[03:02:38.860] Adding entry into typings cache: 'lodash.isinteger' => '/home/gorgeous/.cache/typescript/4.3/node_modules/@types/lodash.isinteger/index.d.ts'
[03:02:38.862] Adding entry into typings cache: 'lodash.isnumber' => '/home/gorgeous/.cache/typescript/4.3/node_modules/@types/lodash.isnumber/index.d.ts'
[03:02:38.863] Adding entry into typings cache: 'lodash.isplainobject' => '/home/gorgeous/.cache/typescript/4.3/node_modules/@types/lodash.isplainobject/index.d.ts'
[03:02:38.864] Adding entry into typings cache: 'lodash.isstring' => '/home/gorgeous/.cache/typescript/4.3/node_modules/@types/lodash.isstring/index.d.ts'
[03:02:38.865] Adding entry into typings cache: 'lodash.once' => '/home/gorgeous/.cache/typescript/4.3/node_modules/@types/lodash.once/index.d.ts'
[03:02:38.866] Adding entry into typings cache: 'lru-cache' => '/home/gorgeous/.cache/typescript/4.3/node_modules/@types/lru-cache/index.d.ts'
[03:02:38.867] Adding entry into typings cache: 'media-typer' => '/home/gorgeous/.cache/typescript/4.3/node_modules/@types/media-typer/index.d.ts'
[03:02:38.868] Adding entry into typings cache: 'memoizee' => '/home/gorgeous/.cache/typescript/4.3/node_modules/@types/memoizee/index.d.ts'
[03:02:38.868] Adding entry into typings cache: 'merge-descriptors' => '/home/gorgeous/.cache/typescript/4.3/node_modules/@types/merge-descriptors/index.d.ts'
[03:02:38.869] Adding entry into typings cache: 'methods' => '/home/gorgeous/.cache/typescript/4.3/node_modules/@types/methods/index.d.ts'
[03:02:38.870] Adding entry into typings cache: 'mime' => '/home/gorgeous/.cache/typescript/4.3/node_modules/@types/mime/index.d.ts'
[03:02:38.872] Adding entry into typings cache: 'mime-db' => '/home/gorgeous/.cache/typescript/4.3/node_modules/@types/mime-db/index.d.ts'
[03:02:38.874] Adding entry into typings cache: 'mime-types' => '/home/gorgeous/.cache/typescript/4.3/node_modules/@types/mime-types/index.d.ts'
[03:02:38.874] Adding entry into typings cache: 'minimatch' => '/home/gorgeous/.cache/typescript/4.3/node_modules/@types/minimatch/index.d.ts'
[03:02:38.875] Adding entry into typings cache: 'minimist' => '/home/gorgeous/.cache/typescript/4.3/node_modules/@types/minimist/index.d.ts'
[03:02:38.876] Adding entry into typings cache: 'mkdirp' => '/home/gorgeous/.cache/typescript/4.3/node_modules/@types/mkdirp/index.d.ts'
[03:02:38.878] Adding entry into typings cache: 'mocha' => '/home/gorgeous/.cache/typescript/4.3/node_modules/@types/mocha/index.d.ts'
[03:02:38.879] Adding entry into typings cache: 'morgan' => '/home/gorgeous/.cache/typescript/4.3/node_modules/@types/morgan/index.d.ts'
[03:02:38.879] Adding entry into typings cache: 'ms' => '/home/gorgeous/.cache/typescript/4.3/node_modules/@types/ms/index.d.ts'
[03:02:38.880] Adding entry into typings cache: 'negotiator' => '/home/gorgeous/.cache/typescript/4.3/node_modules/@types/negotiator/index.d.ts'
[03:02:38.881] Adding entry into typings cache: 'next-tick' => '/home/gorgeous/.cache/typescript/4.3/node_modules/@types/next-tick/index.d.ts'
[03:02:38.882] Adding entry into typings cache: 'nodemon' => '/home/gorgeous/.cache/typescript/4.3/node_modules/@types/nodemon/index.d.ts'
[03:02:38.883] Adding entry into typings cache: 'nopt' => '/home/gorgeous/.cache/typescript/4.3/node_modules/@types/nopt/index.d.ts'
[03:02:38.884] Adding entry into typings cache: 'normalize-path' => '/home/gorgeous/.cache/typescript/4.3/node_modules/@types/normalize-path/index.d.ts'
[03:02:38.884] Adding entry into typings cache: 'object-assign' => '/home/gorgeous/.cache/typescript/4.3/node_modules/@types/object-assign/index.d.ts'
[03:02:38.885] Adding entry into typings cache: 'object-inspect' => '/home/gorgeous/.cache/typescript/4.3/node_modules/@types/object-inspect/index.d.ts'
[03:02:38.886] Adding entry into typings cache: 'on-finished' => '/home/gorgeous/.cache/typescript/4.3/node_modules/@types/on-finished/index.d.ts'
[03:02:38.887] Adding entry into typings cache: 'on-headers' => '/home/gorgeous/.cache/typescript/4.3/node_modules/@types/on-headers/index.d.ts'
[03:02:38.887] Adding entry into typings cache: 'once' => '/home/gorgeous/.cache/typescript/4.3/node_modules/@types/once/index.d.ts'
[03:02:38.888] Adding entry into typings cache: 'parseurl' => '/home/gorgeous/.cache/typescript/4.3/node_modules/@types/parseurl/index.d.ts'
[03:02:38.889] Adding entry into typings cache: 'path-is-absolute' => '/home/gorgeous/.cache/typescript/4.3/node_modules/@types/path-is-absolute/index.d.ts'
[03:02:38.889] Adding entry into typings cache: 'path-parse' => '/home/gorgeous/.cache/typescript/4.3/node_modules/@types/path-parse/index.d.ts'
[03:02:38.891] Adding entry into typings cache: 'pathval' => '/home/gorgeous/.cache/typescript/4.3/node_modules/@types/pathval/index.d.ts'
[03:02:38.892] Adding entry into typings cache: 'pg' => '/home/gorgeous/.cache/typescript/4.3/node_modules/@types/pg/index.d.ts'
[03:02:38.893] Adding entry into typings cache: 'pg-pool' => '/home/gorgeous/.cache/typescript/4.3/node_modules/@types/pg-pool/index.d.ts'
[03:02:38.894] Adding entry into typings cache: 'picomatch' => '/home/gorgeous/.cache/typescript/4.3/node_modules/@types/picomatch/index.d.ts'
[03:02:38.895] Adding entry into typings cache: 'proxy-addr' => '/home/gorgeous/.cache/typescript/4.3/node_modules/@types/proxy-addr/index.d.ts'
[03:02:38.896] Adding entry into typings cache: 'pump' => '/home/gorgeous/.cache/typescript/4.3/node_modules/@types/pump/index.d.ts'
[03:02:38.897] Adding entry into typings cache: 'qs' => '/home/gorgeous/.cache/typescript/4.3/node_modules/@types/qs/index.d.ts'
[03:02:38.898] Adding entry into typings cache: 'random-bytes' => '/home/gorgeous/.cache/typescript/4.3/node_modules/@types/random-bytes/index.d.ts'
[03:02:38.899] Adding entry into typings cache: 'randombytes' => '/home/gorgeous/.cache/typescript/4.3/node_modules/@types/randombytes/index.d.ts'
[03:02:38.904] Adding entry into typings cache: 'range-parser' => '/home/gorgeous/.cache/typescript/4.3/node_modules/@types/range-parser/index.d.ts'
[03:02:38.907] Adding entry into typings cache: 'rc' => '/home/gorgeous/.cache/typescript/4.3/node_modules/@types/rc/index.d.ts'
[03:02:38.909] Adding entry into typings cache: 'react' => '/home/gorgeous/.cache/typescript/4.3/node_modules/@types/react/index.d.ts'
[03:02:38.912] Adding entry into typings cache: 'react-color' => '/home/gorgeous/.cache/typescript/4.3/node_modules/@types/react-color/index.d.ts'
[03:02:38.913] Adding entry into typings cache: 'react-dom' => '/home/gorgeous/.cache/typescript/4.3/node_modules/@types/react-dom/index.d.ts'
[03:02:38.922] Adding entry into typings cache: 'react-redux' => '/home/gorgeous/.cache/typescript/4.3/node_modules/@types/react-redux/index.d.ts'
[03:02:38.923] Adding entry into typings cache: 'react-router-dom' => '/home/gorgeous/.cache/typescript/4.3/node_modules/@types/react-router-dom/index.d.ts'
[03:02:38.923] Adding entry into typings cache: 'reactcss' => '/home/gorgeous/.cache/typescript/4.3/node_modules/@types/reactcss/index.d.ts'
[03:02:38.924] Adding entry into typings cache: 'readable-stream' => '/home/gorgeous/.cache/typescript/4.3/node_modules/@types/readable-stream/index.d.ts'
[03:02:38.926] Adding entry into typings cache: 'registry-auth-token' => '/home/gorgeous/.cache/typescript/4.3/node_modules/@types/registry-auth-token/index.d.ts'
[03:02:38.926] Adding entry into typings cache: 'require-directory' => '/home/gorgeous/.cache/typescript/4.3/node_modules/@types/require-directory/index.d.ts'
[03:02:38.927] Adding entry into typings cache: 'resolve' => '/home/gorgeous/.cache/typescript/4.3/node_modules/@types/resolve/index.d.ts'
[03:02:38.928] Adding entry into typings cache: 'responselike' => '/home/gorgeous/.cache/typescript/4.3/node_modules/@types/responselike/index.d.ts'
[03:02:38.928] Adding entry into typings cache: 'retry-as-promised' => '/home/gorgeous/.cache/typescript/4.3/node_modules/@types/retry-as-promised/index.d.ts'
[03:02:38.929] Adding entry into typings cache: 'safer-buffer' => '/home/gorgeous/.cache/typescript/4.3/node_modules/@types/safer-buffer/index.d.ts'
[03:02:38.930] Adding entry into typings cache: 'semver' => '/home/gorgeous/.cache/typescript/4.3/node_modules/@types/semver/index.d.ts'
[03:02:38.931] Adding entry into typings cache: 'send' => '/home/gorgeous/.cache/typescript/4.3/node_modules/@types/send/index.d.ts'
[03:02:38.931] Adding entry into typings cache: 'serialize-javascript' => '/home/gorgeous/.cache/typescript/4.3/node_modules/@types/serialize-javascript/index.d.ts'
[03:02:38.932] Adding entry into typings cache: 'serve-static' => '/home/gorgeous/.cache/typescript/4.3/node_modules/@types/serve-static/index.d.ts'
[03:02:38.932] Adding entry into typings cache: 'shebang-command' => '/home/gorgeous/.cache/typescript/4.3/node_modules/@types/shebang-command/index.d.ts'
[03:02:38.933] Adding entry into typings cache: 'sigmund' => '/home/gorgeous/.cache/typescript/4.3/node_modules/@types/sigmund/index.d.ts'
[03:02:38.933] Adding entry into typings cache: 'signal-exit' => '/home/gorgeous/.cache/typescript/4.3/node_modules/@types/signal-exit/index.d.ts'
[03:02:38.934] Adding entry into typings cache: 'split2' => '/home/gorgeous/.cache/typescript/4.3/node_modules/@types/split2/index.d.ts'
[03:02:38.934] Adding entry into typings cache: 'statuses' => '/home/gorgeous/.cache/typescript/4.3/node_modules/@types/statuses/index.d.ts'
[03:02:38.935] Adding entry into typings cache: 'superagent' => '/home/gorgeous/.cache/typescript/4.3/node_modules/@types/superagent/index.d.ts'
[03:02:38.935] Adding entry into typings cache: 'supertest' => '/home/gorgeous/.cache/typescript/4.3/node_modules/@types/supertest/index.d.ts'
[03:02:38.938] Adding entry into typings cache: 'supports-color' => '/home/gorgeous/.cache/typescript/4.3/node_modules/@types/supports-color/index.d.ts'
[03:02:38.938] Adding entry into typings cache: 'to-regex-range' => '/home/gorgeous/.cache/typescript/4.3/node_modules/@types/to-regex-range/index.d.ts'
[03:02:38.939] Adding entry into typings cache: 'touch' => '/home/gorgeous/.cache/typescript/4.3/node_modules/@types/touch/index.d.ts'
[03:02:38.939] Adding entry into typings cache: 'tsscmp' => '/home/gorgeous/.cache/typescript/4.3/node_modules/@types/tsscmp/index.d.ts'
[03:02:38.940] Adding entry into typings cache: 'type-detect' => '/home/gorgeous/.cache/typescript/4.3/node_modules/@types/type-detect/index.d.ts'
[03:02:38.940] Adding entry into typings cache: 'type-is' => '/home/gorgeous/.cache/typescript/4.3/node_modules/@types/type-is/index.d.ts'
[03:02:38.941] Adding entry into typings cache: 'uid-safe' => '/home/gorgeous/.cache/typescript/4.3/node_modules/@types/uid-safe/index.d.ts'
[03:02:38.941] Adding entry into typings cache: 'umzug' => '/home/gorgeous/.cache/typescript/4.3/node_modules/@types/umzug/index.d.ts'
[03:02:38.942] Adding entry into typings cache: 'universalify' => '/home/gorgeous/.cache/typescript/4.3/node_modules/@types/universalify/index.d.ts'
[03:02:38.943] Adding entry into typings cache: 'update-notifier' => '/home/gorgeous/.cache/typescript/4.3/node_modules/@types/update-notifier/index.d.ts'
[03:02:38.943] Adding entry into typings cache: 'url-parse-lax' => '/home/gorgeous/.cache/typescript/4.3/node_modules/@types/url-parse-lax/index.d.ts'
[03:02:38.944] Adding entry into typings cache: 'util-deprecate' => '/home/gorgeous/.cache/typescript/4.3/node_modules/@types/util-deprecate/index.d.ts'
[03:02:38.944] Adding entry into typings cache: 'utils-merge' => '/home/gorgeous/.cache/typescript/4.3/node_modules/@types/utils-merge/index.d.ts'
[03:02:38.945] Adding entry into typings cache: 'uuid' => '/home/gorgeous/.cache/typescript/4.3/node_modules/@types/uuid/index.d.ts'
[03:02:38.946] Adding entry into typings cache: 'validator' => '/home/gorgeous/.cache/typescript/4.3/node_modules/@types/validator/index.d.ts'
[03:02:38.946] Adding entry into typings cache: 'vary' => '/home/gorgeous/.cache/typescript/4.3/node_modules/@types/vary/index.d.ts'
[03:02:38.947] Adding entry into typings cache: 'which' => '/home/gorgeous/.cache/typescript/4.3/node_modules/@types/which/index.d.ts'
[03:02:38.947] Adding entry into typings cache: 'workerpool' => '/home/gorgeous/.cache/typescript/4.3/node_modules/@types/workerpool/index.d.ts'
[03:02:38.948] Adding entry into typings cache: 'wrap-ansi' => '/home/gorgeous/.cache/typescript/4.3/node_modules/@types/wrap-ansi/index.d.ts'
[03:02:38.948] Adding entry into typings cache: 'write-file-atomic' => '/home/gorgeous/.cache/typescript/4.3/node_modules/@types/write-file-atomic/index.d.ts'
[03:02:38.950] Adding entry into typings cache: 'xtend' => '/home/gorgeous/.cache/typescript/4.3/node_modules/@types/xtend/index.d.ts'
[03:02:38.950] Adding entry into typings cache: 'yallist' => '/home/gorgeous/.cache/typescript/4.3/node_modules/@types/yallist/index.d.ts'
[03:02:38.951] Adding entry into typings cache: 'yargs' => '/home/gorgeous/.cache/typescript/4.3/node_modules/@types/yargs/index.d.ts'
[03:02:38.952] Adding entry into typings cache: 'yargs-parser' => '/home/gorgeous/.cache/typescript/4.3/node_modules/@types/yargs-parser/index.d.ts'
[03:02:38.952] Adding entry into typings cache: 'yargs-unparser' => '/home/gorgeous/.cache/typescript/4.3/node_modules/@types/yargs-unparser/index.d.ts'
[03:02:38.952] Finished processing cache location '/home/gorgeous/.cache/typescript/4.3'
[03:02:38.953] Process id: 8356
[03:02:38.953] NPM location: /nix/store/p6h1iz5lcvfz1hg1z497ypa22rv52xxx-nodejs-16.8.0/bin/npm (explicit '--npmLocation' not  provided)
[03:02:38.953] validateDefaultNpmLocation: false
[03:02:38.953] Npm config file: /home/gorgeous/.cache/typescript/4.3/package.json
[03:02:38.953] Updating types-registry npm package...
[03:02:38.953] Exec: /nix/store/p6h1iz5lcvfz1hg1z497ypa22rv52xxx-nodejs-16.8.0/bin/npm install --ignore-scripts types-registry@latest
[03:02:44.761]     Succeeded. stdout:
    
    changed 1 package, and audited 255 packages in 6s

8 packages are looking for funding
  run `npm fund` for details

found 0 vulnerabilities

[03:02:44.761] Updated types-registry npm package
